CSharp_Net_module1_5_2_lab_TraceSource Information: 0 : CargoAirplane
    DateTime=2016-04-08T14:20:00.2886999Z
CSharp_Net_module1_5_2_lab_TraceSource Information: 0 : AirplaneLibrary.AirplaneTypeAttribute
    DateTime=2016-04-08T14:20:00.2886999Z
CSharp_Net_module1_5_2_lab_TraceSource Information: 0 : CargoPlane
    DateTime=2016-04-08T14:20:00.2886999Z
CSharp_Net_module1_5_2_lab_TraceSource Information: 0 : UniversalAirplane
    DateTime=2016-04-08T14:20:00.2886999Z
CSharp_Net_module1_5_2_lab_TraceSource Information: 0 : AirplaneLibrary.AirplaneTypeAttribute
    DateTime=2016-04-08T14:20:00.2886999Z
CSharp_Net_module1_5_2_lab_TraceSource Information: 0 : Jet
    DateTime=2016-04-08T14:20:00.2886999Z
CSharp_Net_module1_5_2_lab_TraceSource Information: 0 : AirplaneLibrary.AirplaneTypeAttribute
    DateTime=2016-04-08T14:20:00.2886999Z
CSharp_Net_module1_5_2_lab_TraceSource Information: 0 : CargoPlane
    DateTime=2016-04-08T14:20:00.2886999Z
CSharp_Net_module1_5_2_lab_TraceSource Information: 0 : CargoAirplane
    DateTime=2016-04-08T14:22:12.8963822Z
CSharp_Net_module1_5_2_lab_TraceSource Information: 0 : AirplaneLibrary.AirplaneTypeAttribute
    DateTime=2016-04-08T14:22:12.8963822Z
CSharp_Net_module1_5_2_lab_TraceSource Information: 0 : CargoPlane
    DateTime=2016-04-08T14:22:12.8963822Z
CSharp_Net_module1_5_2_lab_TraceSource Information: 0 : UniversalAirplane
    DateTime=2016-04-08T14:22:12.8963822Z
CSharp_Net_module1_5_2_lab_TraceSource Information: 0 : AirplaneLibrary.AirplaneTypeAttribute
    DateTime=2016-04-08T14:22:12.8963822Z
CSharp_Net_module1_5_2_lab_TraceSource Information: 0 : Jet
    DateTime=2016-04-08T14:22:12.8963822Z
CSharp_Net_module1_5_2_lab_TraceSource Information: 0 : AirplaneLibrary.AirplaneTypeAttribute
    DateTime=2016-04-08T14:22:12.8963822Z
CSharp_Net_module1_5_2_lab_TraceSource Information: 0 : CargoPlane
    DateTime=2016-04-08T14:22:12.8963822Z
CSharp_Net_module1_5_2_lab_TraceSource Information: 0 : CargoAirplane
    DateTime=2016-04-08T14:37:26.0573381Z
CSharp_Net_module1_5_2_lab_TraceSource Information: 0 : AirplaneLibrary.AirplaneTypeAttribute
    DateTime=2016-04-08T14:37:26.0573381Z
CSharp_Net_module1_5_2_lab_TraceSource Information: 0 : CargoPlane
    DateTime=2016-04-08T14:37:26.0573381Z
CSharp_Net_module1_5_2_lab_TraceSource Information: 0 : UniversalAirplane
    DateTime=2016-04-08T14:37:26.0573381Z
CSharp_Net_module1_5_2_lab_TraceSource Information: 0 : AirplaneLibrary.AirplaneTypeAttribute
    DateTime=2016-04-08T14:37:26.0573381Z
CSharp_Net_module1_5_2_lab_TraceSource Information: 0 : Jet
    DateTime=2016-04-08T14:37:26.0573381Z
CSharp_Net_module1_5_2_lab_TraceSource Information: 0 : AirplaneLibrary.AirplaneTypeAttribute
    DateTime=2016-04-08T14:37:26.0573381Z
CSharp_Net_module1_5_2_lab_TraceSource Information: 0 : CargoPlane
    DateTime=2016-04-08T14:37:26.0573381Z
CSharp_Net_module1_5_2_lab_TraceSource Information: 0 : CargoAirplane
    DateTime=2016-04-08T14:39:45.0704187Z
CSharp_Net_module1_5_2_lab_TraceSource Information: 0 : AirplaneLibrary.AirplaneTypeAttribute
    DateTime=2016-04-08T14:39:45.0704187Z
CSharp_Net_module1_5_2_lab_TraceSource Information: 0 : CargoPlane
    DateTime=2016-04-08T14:39:45.0704187Z
CSharp_Net_module1_5_2_lab_TraceSource Information: 0 : UniversalAirplane
    DateTime=2016-04-08T14:39:45.0704187Z
CSharp_Net_module1_5_2_lab_TraceSource Information: 0 : AirplaneLibrary.AirplaneTypeAttribute
    DateTime=2016-04-08T14:39:45.0704187Z
CSharp_Net_module1_5_2_lab_TraceSource Information: 0 : Jet
    DateTime=2016-04-08T14:39:45.0704187Z
CSharp_Net_module1_5_2_lab_TraceSource Information: 0 : AirplaneLibrary.AirplaneTypeAttribute
    DateTime=2016-04-08T14:39:45.0704187Z
CSharp_Net_module1_5_2_lab_TraceSource Information: 0 : CargoPlane
    DateTime=2016-04-08T14:39:45.0704187Z
CSharp_Net_module1_5_2_lab_TraceSource Information: 0 : CargoAirplane
    DateTime=2016-04-08T14:45:48.4146083Z
CSharp_Net_module1_5_2_lab_TraceSource Information: 0 : AirplaneLibrary.AirplaneTypeAttribute
    DateTime=2016-04-08T14:45:48.4146083Z
CSharp_Net_module1_5_2_lab_TraceSource Information: 0 : CargoPlane
    DateTime=2016-04-08T14:45:48.4146083Z
CSharp_Net_module1_5_2_lab_TraceSource Information: 0 : UniversalAirplane
    DateTime=2016-04-08T14:45:48.4146083Z
CSharp_Net_module1_5_2_lab_TraceSource Information: 0 : AirplaneLibrary.AirplaneTypeAttribute
    DateTime=2016-04-08T14:45:48.4146083Z
CSharp_Net_module1_5_2_lab_TraceSource Information: 0 : Jet
    DateTime=2016-04-08T14:45:48.4146083Z
CSharp_Net_module1_5_2_lab_TraceSource Information: 0 : AirplaneLibrary.AirplaneTypeAttribute
    DateTime=2016-04-08T14:45:48.4146083Z
CSharp_Net_module1_5_2_lab_TraceSource Information: 0 : CargoPlane
    DateTime=2016-04-08T14:45:48.4146083Z
CSharp_Net_module1_5_2_lab_TraceSource Information: 0 : CargoAirplane
    DateTime=2016-04-11T01:00:53.8112017Z
CSharp_Net_module1_5_2_lab_TraceSource Information: 0 : AirplaneLibrary.AirplaneTypeAttribute
    DateTime=2016-04-11T01:00:53.8112017Z
CSharp_Net_module1_5_2_lab_TraceSource Information: 0 : CargoPlane
    DateTime=2016-04-11T01:00:53.8112017Z
CSharp_Net_module1_5_2_lab_TraceSource Information: 0 : UniversalAirplane
    DateTime=2016-04-11T01:00:53.8112017Z
CSharp_Net_module1_5_2_lab_TraceSource Information: 0 : AirplaneLibrary.AirplaneTypeAttribute
    DateTime=2016-04-11T01:00:53.8112017Z
CSharp_Net_module1_5_2_lab_TraceSource Information: 0 : Jet
    DateTime=2016-04-11T01:00:53.8112017Z
CSharp_Net_module1_5_2_lab_TraceSource Information: 0 : AirplaneLibrary.AirplaneTypeAttribute
    DateTime=2016-04-11T01:00:53.8112017Z
CSharp_Net_module1_5_2_lab_TraceSource Information: 0 : CargoPlane
    DateTime=2016-04-11T01:00:53.8112017Z
CSharp_Net_module1_5_2_lab_TraceSource Information: 0 : CargoAirplane
    DateTime=2016-04-11T01:21:35.0493770Z
CSharp_Net_module1_5_2_lab_TraceSource Information: 0 : AirplaneLibrary.AirplaneTypeAttribute
    DateTime=2016-04-11T01:21:35.0493770Z
CSharp_Net_module1_5_2_lab_TraceSource Information: 0 : CargoPlane
    DateTime=2016-04-11T01:21:35.0493770Z
CSharp_Net_module1_5_2_lab_TraceSource Information: 0 : UniversalAirplane
    DateTime=2016-04-11T01:21:35.0493770Z
CSharp_Net_module1_5_2_lab_TraceSource Information: 0 : AirplaneLibrary.AirplaneTypeAttribute
    DateTime=2016-04-11T01:21:35.0493770Z
CSharp_Net_module1_5_2_lab_TraceSource Information: 0 : Jet
    DateTime=2016-04-11T01:21:35.0493770Z
CSharp_Net_module1_5_2_lab_TraceSource Information: 0 : AirplaneLibrary.AirplaneTypeAttribute
    DateTime=2016-04-11T01:21:35.0493770Z
CSharp_Net_module1_5_2_lab_TraceSource Information: 0 : CargoPlane
    DateTime=2016-04-11T01:21:35.0493770Z
CSharp_Net_module1_5_2_lab_TraceSource Information: 0 : CargoAirplane
    DateTime=2016-04-11T01:38:28.4176764Z
CSharp_Net_module1_5_2_lab_TraceSource Information: 0 : AirplaneLibrary.AirplaneTypeAttribute
    DateTime=2016-04-11T01:38:28.4176764Z
CSharp_Net_module1_5_2_lab_TraceSource Information: 0 : CargoPlane
    DateTime=2016-04-11T01:38:28.4176764Z
CSharp_Net_module1_5_2_lab_TraceSource Information: 0 : UniversalAirplane
    DateTime=2016-04-11T01:38:28.4176764Z
CSharp_Net_module1_5_2_lab_TraceSource Information: 0 : AirplaneLibrary.AirplaneTypeAttribute
    DateTime=2016-04-11T01:38:28.4176764Z
CSharp_Net_module1_5_2_lab_TraceSource Information: 0 : Jet
    DateTime=2016-04-11T01:38:28.4176764Z
CSharp_Net_module1_5_2_lab_TraceSource Information: 0 : AirplaneLibrary.AirplaneTypeAttribute
    DateTime=2016-04-11T01:38:28.4176764Z
CSharp_Net_module1_5_2_lab_TraceSource Information: 0 : CargoPlane
    DateTime=2016-04-11T01:38:28.4176764Z
CSharp_Net_module1_5_2_lab_TraceSource Information: 0 : CargoAirplane
    DateTime=2016-04-11T01:41:05.7649823Z
CSharp_Net_module1_5_2_lab_TraceSource Information: 0 : AirplaneLibrary.AirplaneTypeAttribute
    DateTime=2016-04-11T01:41:05.7649823Z
CSharp_Net_module1_5_2_lab_TraceSource Information: 0 : CargoPlane
    DateTime=2016-04-11T01:41:05.7649823Z
CSharp_Net_module1_5_2_lab_TraceSource Information: 0 : UniversalAirplane
    DateTime=2016-04-11T01:41:05.7649823Z
CSharp_Net_module1_5_2_lab_TraceSource Information: 0 : AirplaneLibrary.AirplaneTypeAttribute
    DateTime=2016-04-11T01:41:05.7649823Z
CSharp_Net_module1_5_2_lab_TraceSource Information: 0 : Jet
    DateTime=2016-04-11T01:41:05.7649823Z
CSharp_Net_module1_5_2_lab_TraceSource Information: 0 : AirplaneLibrary.AirplaneTypeAttribute
    DateTime=2016-04-11T01:41:05.7649823Z
CSharp_Net_module1_5_2_lab_TraceSource Information: 0 : CargoPlane
    DateTime=2016-04-11T01:41:05.7649823Z
CSharp_Net_module1_5_2_lab_TraceSource Information: 0 : CargoAirplane
    DateTime=2016-04-11T01:46:09.7811959Z
CSharp_Net_module1_5_2_lab_TraceSource Information: 0 : AirplaneLibrary.AirplaneTypeAttribute
    DateTime=2016-04-11T01:46:09.7811959Z
CSharp_Net_module1_5_2_lab_TraceSource Information: 0 : CargoPlane
    DateTime=2016-04-11T01:46:09.7811959Z
CSharp_Net_module1_5_2_lab_TraceSource Information: 0 : UniversalAirplane
    DateTime=2016-04-11T01:46:09.7811959Z
CSharp_Net_module1_5_2_lab_TraceSource Information: 0 : AirplaneLibrary.AirplaneTypeAttribute
    DateTime=2016-04-11T01:46:09.7811959Z
CSharp_Net_module1_5_2_lab_TraceSource Information: 0 : Jet
    DateTime=2016-04-11T01:46:09.7811959Z
CSharp_Net_module1_5_2_lab_TraceSource Information: 0 : AirplaneLibrary.AirplaneTypeAttribute
    DateTime=2016-04-11T01:46:09.7811959Z
CSharp_Net_module1_5_2_lab_TraceSource Information: 0 : CargoPlane
    DateTime=2016-04-11T01:46:09.7811959Z
CSharp_Net_module1_5_2_lab_TraceSource Information: 0 : CargoAirplane
    DateTime=2016-04-11T01:51:57.0008945Z
CSharp_Net_module1_5_2_lab_TraceSource Information: 0 : AirplaneLibrary.AirplaneTypeAttribute
    DateTime=2016-04-11T01:51:57.0008945Z
CSharp_Net_module1_5_2_lab_TraceSource Information: 0 : CargoPlane
    DateTime=2016-04-11T01:51:57.0008945Z
CSharp_Net_module1_5_2_lab_TraceSource Information: 0 : UniversalAirplane
    DateTime=2016-04-11T01:51:57.0008945Z
CSharp_Net_module1_5_2_lab_TraceSource Information: 0 : AirplaneLibrary.AirplaneTypeAttribute
    DateTime=2016-04-11T01:51:57.0008945Z
CSharp_Net_module1_5_2_lab_TraceSource Information: 0 : Jet
    DateTime=2016-04-11T01:51:57.0008945Z
CSharp_Net_module1_5_2_lab_TraceSource Information: 0 : AirplaneLibrary.AirplaneTypeAttribute
    DateTime=2016-04-11T01:51:57.0008945Z
CSharp_Net_module1_5_2_lab_TraceSource Information: 0 : CargoPlane
    DateTime=2016-04-11T01:51:57.0008945Z
CSharp_Net_module1_5_2_lab_TraceSource Information: 0 : CargoAirplane
    DateTime=2016-04-11T01:53:01.6858558Z
CSharp_Net_module1_5_2_lab_TraceSource Information: 0 : AirplaneLibrary.AirplaneTypeAttribute
    DateTime=2016-04-11T01:53:01.6858558Z
CSharp_Net_module1_5_2_lab_TraceSource Information: 0 : CargoPlane
    DateTime=2016-04-11T01:53:01.6858558Z
CSharp_Net_module1_5_2_lab_TraceSource Information: 0 : UniversalAirplane
    DateTime=2016-04-11T01:53:01.6858558Z
CSharp_Net_module1_5_2_lab_TraceSource Information: 0 : AirplaneLibrary.AirplaneTypeAttribute
    DateTime=2016-04-11T01:53:01.6858558Z
CSharp_Net_module1_5_2_lab_TraceSource Information: 0 : Jet
    DateTime=2016-04-11T01:53:01.6858558Z
CSharp_Net_module1_5_2_lab_TraceSource Information: 0 : AirplaneLibrary.AirplaneTypeAttribute
    DateTime=2016-04-11T01:53:01.6858558Z
CSharp_Net_module1_5_2_lab_TraceSource Information: 0 : CargoPlane
    DateTime=2016-04-11T01:53:01.6858558Z
CSharp_Net_module1_5_2_lab_TraceSource Information: 0 : CargoAirplane
    DateTime=2016-04-11T01:53:20.5823874Z
CSharp_Net_module1_5_2_lab_TraceSource Information: 0 : AirplaneLibrary.AirplaneTypeAttribute
    DateTime=2016-04-11T01:53:20.5823874Z
CSharp_Net_module1_5_2_lab_TraceSource Information: 0 : CargoPlane
    DateTime=2016-04-11T01:53:20.5823874Z
CSharp_Net_module1_5_2_lab_TraceSource Information: 0 : UniversalAirplane
    DateTime=2016-04-11T01:53:20.5823874Z
CSharp_Net_module1_5_2_lab_TraceSource Information: 0 : AirplaneLibrary.AirplaneTypeAttribute
    DateTime=2016-04-11T01:53:20.5823874Z
CSharp_Net_module1_5_2_lab_TraceSource Information: 0 : Jet
    DateTime=2016-04-11T01:53:20.5823874Z
CSharp_Net_module1_5_2_lab_TraceSource Information: 0 : AirplaneLibrary.AirplaneTypeAttribute
    DateTime=2016-04-11T01:53:20.5823874Z
CSharp_Net_module1_5_2_lab_TraceSource Information: 0 : CargoPlane
    DateTime=2016-04-11T01:53:20.5823874Z
